<?xml version="1.0" encoding="UTF-8"?>
<!-- Generated by org.testng.reporters.JUnitXMLReporter -->
<testsuite hostname="LAPTOP-EBJCUPO7" name="Test_AutoTrader" tests="6" failures="1" timestamp="6 Jul 2019 18:07:06 GMT" time="156.801" errors="0">
  <testcase name="ATLogo" time="0.041" classname="test.TC004"/>
  <testcase name="CarSearch" time="67.492" classname="test.TC003">
    <failure type="org.openqa.selenium.NoSuchElementException" message="Cannot locate element with text: - ES 350
For documentation on this error, please visit: http://seleniumhq.org/exceptions/no_such_element.html
Build info: version: &amp;apos;3.8.1&amp;apos;, revision: &amp;apos;6e95a6684b&amp;apos;, time: &amp;apos;2017-12-01T19:05:14.666Z&amp;apos;
System info: host: &amp;apos;LAPTOP-EBJCUPO7&amp;apos;, ip: &amp;apos;192.168.43.183&amp;apos;, os.name: &amp;apos;Windows 10&amp;apos;, os.arch: &amp;apos;amd64&amp;apos;, os.version: &amp;apos;10.0&amp;apos;, java.version: &amp;apos;1.8.0_191&amp;apos;
Driver info: driver.version: unknown">
      <![CDATA[org.openqa.selenium.NoSuchElementException: Cannot locate element with text: - ES 350
For documentation on this error, please visit: http://seleniumhq.org/exceptions/no_such_element.html
Build info: version: '3.8.1', revision: '6e95a6684b', time: '2017-12-01T19:05:14.666Z'
System info: host: 'LAPTOP-EBJCUPO7', ip: '192.168.43.183', os.name: 'Windows 10', os.arch: 'amd64', os.version: '10.0', java.version: '1.8.0_191'
Driver info: driver.version: unknown
	at org.openqa.selenium.support.ui.Select.selectByVisibleText(Select.java:151)
	at test.TC003.CarSearch(TC003.java:27)
... Removed 23 stack frames]]>
    </failure>
  </testcase> <!-- CarSearch -->
  <testcase name="SignUp" time="10.521" classname="test.TC002"/>
  <testcase name="SellMyCar" time="0.187" classname="test.TC001"/>
  <testcase name="VerifyTitle" time="0.017" classname="test.TC006"/>
  <testcase name="LinkCount" time="3.783" classname="test.TC005"/>
</testsuite> <!-- Test_AutoTrader -->
